15:30:34,356 INFO [Test file logger] Squirrel.Automation.Tests.SampleTest.TestSetup - Setup method
15:31:53,094 INFO [Test file logger] Squirrel.Automation.Tests.SampleTest.TestSetup - Setup method
15:36:38,459 INFO [Test file logger] Squirrel.Automation.Tests.SampleTest.TestSetup - Setup method
15:38:26,463 INFO [Test file logger] Squirrel.Automation.Tests.SampleTest.TestSetup - Setup method
15:38:27,929 DEBUG [Common Functions] Squirrel.Automation.Extensions.Functions.WaitTillUIItemEnabled - Waiting 3 seconds until element is enabled.
15:38:28,147 INFO [Common Functions] Squirrel.Automation.Extensions.Functions.ClickOnElement - Clicking on Hyperlink. AutomationId:, Name:Daily Setup, ControlType:hyperlink, FrameworkId:
15:38:32,059 INFO [Common Functions] Squirrel.Automation.Extensions.Functions.ClickOnElement - Clicking on Button. AutomationId:Item 32542, Name:New Record, ControlType:button, FrameworkId:Win32
15:38:33,501 INFO [Common Functions] Squirrel.Automation.Extensions.Functions.ClickOnElement - Clicking on Button. AutomationId:1069, Name:Add, ControlType:button, FrameworkId:Win32
15:38:35,172 INFO [Common Functions] Squirrel.Automation.Extensions.Functions.ClickOnElement - Clicking on Button. AutomationId:1, Name:OK, ControlType:button, FrameworkId:Win32
15:38:37,974 INFO [Common Functions] Squirrel.Automation.Extensions.Functions.ClickOnElement - Clicking on Button. AutomationId:Item 32545, Name:Save, ControlType:button, FrameworkId:Win32
15:38:38,770 INFO [Common Functions] Squirrel.Automation.Extensions.Functions.ClickOnElement - Clicking on Button. AutomationId:Item 32305, Name:Explorer Window, ControlType:button, FrameworkId:Win32
15:38:40,804 INFO [Common Functions] Squirrel.Automation.Extensions.Functions.ClickOnElement - Clicking on Button. AutomationId:1, Name:OK, ControlType:button, FrameworkId:Win32
15:39:17,503 INFO [Test file logger] Squirrel.Automation.Tests.SampleTest.TestSetup - Setup method
15:39:18,828 DEBUG [Common Functions] Squirrel.Automation.Extensions.Functions.WaitTillUIItemEnabled - Waiting 3 seconds until element is enabled.
15:39:19,016 INFO [Common Functions] Squirrel.Automation.Extensions.Functions.ClickOnElement - Clicking on Hyperlink. AutomationId:, Name:Daily Setup, ControlType:hyperlink, FrameworkId:
15:39:20,805 INFO [Common Functions] Squirrel.Automation.Extensions.Functions.ClickOnElement - Clicking on Button. AutomationId:Item 32542, Name:New Record, ControlType:button, FrameworkId:Win32
15:39:21,364 INFO [Common Functions] Squirrel.Automation.Extensions.Functions.ClickOnElement - Clicking on Button. AutomationId:1069, Name:Add, ControlType:button, FrameworkId:Win32
15:39:22,863 INFO [Common Functions] Squirrel.Automation.Extensions.Functions.ClickOnElement - Clicking on Button. AutomationId:1, Name:OK, ControlType:button, FrameworkId:Win32
15:39:25,334 INFO [Common Functions] Squirrel.Automation.Extensions.Functions.ClickOnElement - Clicking on Button. AutomationId:Item 32545, Name:Save, ControlType:button, FrameworkId:Win32
15:39:31,273 INFO [Common Functions] Squirrel.Automation.Extensions.Functions.ClickOnElement - Clicking on Button. AutomationId:Item 32305, Name:Explorer Window, ControlType:button, FrameworkId:Win32
15:41:09,972 INFO [Test file logger] Squirrel.Automation.Tests.SampleTest.TestSetup - Setup method
15:41:33,775 DEBUG [Common Functions] Squirrel.Automation.Extensions.Functions.WaitTillUIItemEnabled - Waiting 3 seconds until element is enabled.
15:41:33,982 INFO [Common Functions] Squirrel.Automation.Extensions.Functions.ClickOnElement - Clicking on Hyperlink. AutomationId:, Name:Daily Setup, ControlType:hyperlink, FrameworkId:
15:41:38,404 INFO [Common Functions] Squirrel.Automation.Extensions.Functions.ClickOnElement - Clicking on Button. AutomationId:Item 32542, Name:New Record, ControlType:button, FrameworkId:Win32
15:41:39,136 INFO [Common Functions] Squirrel.Automation.Extensions.Functions.ClickOnElement - Clicking on Button. AutomationId:1069, Name:Add, ControlType:button, FrameworkId:Win32
15:41:40,831 INFO [Common Functions] Squirrel.Automation.Extensions.Functions.ClickOnElement - Clicking on Button. AutomationId:1, Name:OK, ControlType:button, FrameworkId:Win32
15:41:54,848 INFO [Common Functions] Squirrel.Automation.Extensions.Functions.ClickOnElement - Clicking on Button. AutomationId:Item 32545, Name:Save, ControlType:button, FrameworkId:Win32
15:42:07,475 INFO [Common Functions] Squirrel.Automation.Extensions.Functions.ClickOnElement - Clicking on Button. AutomationId:Item 32305, Name:Explorer Window, ControlType:button, FrameworkId:Win32
15:43:03,499 INFO [Test file logger] Squirrel.Automation.Tests.SampleTest.TestSetup - Setup method
15:43:04,618 DEBUG [Common Functions] Squirrel.Automation.Extensions.Functions.WaitTillUIItemEnabled - Waiting 3 seconds until element is enabled.
15:43:04,821 INFO [Common Functions] Squirrel.Automation.Extensions.Functions.ClickOnElement - Clicking on Hyperlink. AutomationId:, Name:Daily Setup, ControlType:hyperlink, FrameworkId:
15:43:06,636 INFO [Common Functions] Squirrel.Automation.Extensions.Functions.ClickOnElement - Clicking on Button. AutomationId:Item 32542, Name:New Record, ControlType:button, FrameworkId:Win32
15:43:07,170 INFO [Common Functions] Squirrel.Automation.Extensions.Functions.ClickOnElement - Clicking on Button. AutomationId:1069, Name:Add, ControlType:button, FrameworkId:Win32
15:43:08,659 INFO [Common Functions] Squirrel.Automation.Extensions.Functions.ClickOnElement - Clicking on Button. AutomationId:1, Name:OK, ControlType:button, FrameworkId:Win32
15:43:10,931 INFO [Common Functions] Squirrel.Automation.Extensions.Functions.ClickOnElement - Clicking on Button. AutomationId:Item 32545, Name:Save, ControlType:button, FrameworkId:Win32
15:43:15,599 INFO [Common Functions] Squirrel.Automation.Extensions.Functions.ClickOnElement - Clicking on Button. AutomationId:Item 32305, Name:Explorer Window, ControlType:button, FrameworkId:Win32
15:44:17,386 INFO [Test file logger] Squirrel.Automation.Tests.SampleTest.TestSetup - Setup method
15:44:17,766 DEBUG [Common Functions] Squirrel.Automation.Extensions.Functions.WaitTillUIItemEnabled - Waiting 3 seconds until element is enabled.
15:44:17,925 INFO [Common Functions] Squirrel.Automation.Extensions.Functions.ClickOnElement - Clicking on Hyperlink. AutomationId:, Name:Daily Setup, ControlType:hyperlink, FrameworkId:
15:44:21,328 INFO [Common Functions] Squirrel.Automation.Extensions.Functions.ClickOnElement - Clicking on Button. AutomationId:Item 32542, Name:New Record, ControlType:button, FrameworkId:Win32
15:44:24,956 INFO [Common Functions] Squirrel.Automation.Extensions.Functions.ClickOnElement - Clicking on Button. AutomationId:32343, Name:, ControlType:button, FrameworkId:Win32
15:44:25,266 INFO [Common Functions] Squirrel.Automation.Extensions.Functions.ClickOnElement - Clicking on Button. AutomationId:30281, Name:1, ControlType:button, FrameworkId:Win32
15:44:25,307 INFO [Common Functions] Squirrel.Automation.Extensions.Functions.ClickOnElement - Clicking on Button. AutomationId:1, Name:OK, ControlType:button, FrameworkId:Win32
15:44:28,441 INFO [Common Functions] Squirrel.Automation.Extensions.Functions.ClickOnElement - Clicking on Button. AutomationId:1, Name:Yes, ControlType:button, FrameworkId:Win32
15:44:30,895 INFO [Common Functions] Squirrel.Automation.Extensions.Functions.ClickOnElement - Clicking on Button. AutomationId:32343, Name:, ControlType:button, FrameworkId:Win32
15:44:31,011 INFO [Common Functions] Squirrel.Automation.Extensions.Functions.ClickOnElement - Clicking on Button. AutomationId:30281, Name:1, ControlType:button, FrameworkId:Win32
15:44:31,056 INFO [Common Functions] Squirrel.Automation.Extensions.Functions.ClickOnElement - Clicking on Button. AutomationId:1, Name:OK, ControlType:button, FrameworkId:Win32
15:44:31,091 INFO [Common Functions] Squirrel.Automation.Extensions.Functions.ClickOnElement - Clicking on Button. AutomationId:1, Name:OK, ControlType:button, FrameworkId:Win32
15:45:07,103 INFO [Common Functions] Squirrel.Automation.Extensions.Functions.ClickOnElement - Clicking on Button. AutomationId:Item 32545, Name:Save, ControlType:button, FrameworkId:Win32
15:45:12,136 INFO [Common Functions] Squirrel.Automation.Extensions.Functions.ClickOnElement - Clicking on Button. AutomationId:Item 32305, Name:Explorer Window, ControlType:button, FrameworkId:Win32
15:46:11,070 INFO [Test file logger] Squirrel.Automation.Tests.SampleTest.TestSetup - Setup method
15:46:12,410 DEBUG [Common Functions] Squirrel.Automation.Extensions.Functions.WaitTillUIItemEnabled - Waiting 3 seconds until element is enabled.
15:46:12,605 INFO [Common Functions] Squirrel.Automation.Extensions.Functions.ClickOnElement - Clicking on Hyperlink. AutomationId:, Name:Daily Setup, ControlType:hyperlink, FrameworkId:
15:46:15,186 INFO [Common Functions] Squirrel.Automation.Extensions.Functions.ClickOnElement - Clicking on Button. AutomationId:Item 32542, Name:New Record, ControlType:button, FrameworkId:Win32
15:46:18,465 INFO [Common Functions] Squirrel.Automation.Extensions.Functions.ClickOnElement - Clicking on Button. AutomationId:32343, Name:, ControlType:button, FrameworkId:Win32
15:46:18,860 INFO [Common Functions] Squirrel.Automation.Extensions.Functions.ClickOnElement - Clicking on Button. AutomationId:30281, Name:1, ControlType:button, FrameworkId:Win32
15:46:19,013 INFO [Common Functions] Squirrel.Automation.Extensions.Functions.ClickOnElement - Clicking on Button. AutomationId:1, Name:OK, ControlType:button, FrameworkId:Win32
15:46:22,083 INFO [Common Functions] Squirrel.Automation.Extensions.Functions.ClickOnElement - Clicking on Button. AutomationId:1, Name:Yes, ControlType:button, FrameworkId:Win32
15:46:24,731 INFO [Common Functions] Squirrel.Automation.Extensions.Functions.ClickOnElement - Clicking on Button. AutomationId:32343, Name:, ControlType:button, FrameworkId:Win32
15:46:24,940 INFO [Common Functions] Squirrel.Automation.Extensions.Functions.ClickOnElement - Clicking on Button. AutomationId:30281, Name:1, ControlType:button, FrameworkId:Win32
15:46:24,993 INFO [Common Functions] Squirrel.Automation.Extensions.Functions.ClickOnElement - Clicking on Button. AutomationId:1, Name:OK, ControlType:button, FrameworkId:Win32
15:46:25,033 INFO [Common Functions] Squirrel.Automation.Extensions.Functions.ClickOnElement - Clicking on Button. AutomationId:1, Name:OK, ControlType:button, FrameworkId:Win32
15:47:01,017 INFO [Common Functions] Squirrel.Automation.Extensions.Functions.ClickOnElement - Clicking on Button. AutomationId:Item 32545, Name:Save, ControlType:button, FrameworkId:Win32
15:47:06,176 INFO [Common Functions] Squirrel.Automation.Extensions.Functions.ClickOnElement - Clicking on Button. AutomationId:Item 32305, Name:Explorer Window, ControlType:button, FrameworkId:Win32
15:47:08,217 INFO [Common Functions] Squirrel.Automation.Extensions.Functions.ClickOnElement - Clicking on Button. AutomationId:1, Name:Yes, ControlType:button, FrameworkId:Win32
15:48:09,414 INFO [Test file logger] Squirrel.Automation.Tests.SampleTest.TestSetup - Setup method
15:48:10,821 DEBUG [Common Functions] Squirrel.Automation.Extensions.Functions.WaitTillUIItemEnabled - Waiting 3 seconds until element is enabled.
15:48:11,065 INFO [Common Functions] Squirrel.Automation.Extensions.Functions.ClickOnElement - Clicking on Hyperlink. AutomationId:, Name:Daily Setup, ControlType:hyperlink, FrameworkId:
15:48:13,563 INFO [Common Functions] Squirrel.Automation.Extensions.Functions.ClickOnElement - Clicking on Button. AutomationId:Item 32542, Name:New Record, ControlType:button, FrameworkId:Win32
15:48:16,587 INFO [Common Functions] Squirrel.Automation.Extensions.Functions.ClickOnElement - Clicking on Button. AutomationId:32343, Name:, ControlType:button, FrameworkId:Win32
15:48:17,007 INFO [Common Functions] Squirrel.Automation.Extensions.Functions.ClickOnElement - Clicking on Button. AutomationId:30281, Name:1, ControlType:button, FrameworkId:Win32
15:48:17,047 INFO [Common Functions] Squirrel.Automation.Extensions.Functions.ClickOnElement - Clicking on Button. AutomationId:1, Name:OK, ControlType:button, FrameworkId:Win32
15:48:20,200 INFO [Common Functions] Squirrel.Automation.Extensions.Functions.ClickOnElement - Clicking on Button. AutomationId:1, Name:Yes, ControlType:button, FrameworkId:Win32
15:48:22,705 INFO [Common Functions] Squirrel.Automation.Extensions.Functions.ClickOnElement - Clicking on Button. AutomationId:32343, Name:, ControlType:button, FrameworkId:Win32
15:48:22,892 INFO [Common Functions] Squirrel.Automation.Extensions.Functions.ClickOnElement - Clicking on Button. AutomationId:30281, Name:1, ControlType:button, FrameworkId:Win32
15:48:22,935 INFO [Common Functions] Squirrel.Automation.Extensions.Functions.ClickOnElement - Clicking on Button. AutomationId:1, Name:OK, ControlType:button, FrameworkId:Win32
15:48:22,973 INFO [Common Functions] Squirrel.Automation.Extensions.Functions.ClickOnElement - Clicking on Button. AutomationId:1, Name:OK, ControlType:button, FrameworkId:Win32
15:49:01,354 INFO [Test file logger] Squirrel.Automation.Tests.SampleTest.TestSetup - Setup method
15:49:02,675 DEBUG [Common Functions] Squirrel.Automation.Extensions.Functions.WaitTillUIItemEnabled - Waiting 3 seconds until element is enabled.
15:49:02,874 INFO [Common Functions] Squirrel.Automation.Extensions.Functions.ClickOnElement - Clicking on Hyperlink. AutomationId:, Name:Daily Setup, ControlType:hyperlink, FrameworkId:
15:49:04,781 INFO [Common Functions] Squirrel.Automation.Extensions.Functions.ClickOnElement - Clicking on Button. AutomationId:Item 32542, Name:New Record, ControlType:button, FrameworkId:Win32
15:49:05,260 INFO [Common Functions] Squirrel.Automation.Extensions.Functions.ClickOnElement - Clicking on Button. AutomationId:1069, Name:Add, ControlType:button, FrameworkId:Win32
15:49:06,724 INFO [Common Functions] Squirrel.Automation.Extensions.Functions.ClickOnElement - Clicking on Button. AutomationId:1, Name:OK, ControlType:button, FrameworkId:Win32
15:49:08,958 INFO [Common Functions] Squirrel.Automation.Extensions.Functions.ClickOnElement - Clicking on Button. AutomationId:Item 32545, Name:Save, ControlType:button, FrameworkId:Win32
15:49:13,568 INFO [Common Functions] Squirrel.Automation.Extensions.Functions.ClickOnElement - Clicking on Button. AutomationId:Item 32305, Name:Explorer Window, ControlType:button, FrameworkId:Win32
15:49:15,756 INFO [Common Functions] Squirrel.Automation.Extensions.Functions.ClickOnElement - Clicking on Button. AutomationId:1, Name:Yes, ControlType:button, FrameworkId:Win32
15:49:50,450 INFO [Test file logger] Squirrel.Automation.Tests.SampleTest.TestSetup - Setup method
15:49:51,762 DEBUG [Common Functions] Squirrel.Automation.Extensions.Functions.WaitTillUIItemEnabled - Waiting 3 seconds until element is enabled.
15:49:51,960 INFO [Common Functions] Squirrel.Automation.Extensions.Functions.ClickOnElement - Clicking on Hyperlink. AutomationId:, Name:Daily Setup, ControlType:hyperlink, FrameworkId:
15:49:54,491 INFO [Common Functions] Squirrel.Automation.Extensions.Functions.ClickOnElement - Clicking on Button. AutomationId:Item 32542, Name:New Record, ControlType:button, FrameworkId:Win32
15:49:57,736 INFO [Common Functions] Squirrel.Automation.Extensions.Functions.ClickOnElement - Clicking on Button. AutomationId:32343, Name:, ControlType:button, FrameworkId:Win32
15:49:58,135 INFO [Common Functions] Squirrel.Automation.Extensions.Functions.ClickOnElement - Clicking on Button. AutomationId:30281, Name:1, ControlType:button, FrameworkId:Win32
15:49:58,174 INFO [Common Functions] Squirrel.Automation.Extensions.Functions.ClickOnElement - Clicking on Button. AutomationId:1, Name:OK, ControlType:button, FrameworkId:Win32
15:50:01,260 INFO [Common Functions] Squirrel.Automation.Extensions.Functions.ClickOnElement - Clicking on Button. AutomationId:1, Name:Yes, ControlType:button, FrameworkId:Win32
15:50:03,908 INFO [Common Functions] Squirrel.Automation.Extensions.Functions.ClickOnElement - Clicking on Button. AutomationId:32343, Name:, ControlType:button, FrameworkId:Win32
15:50:03,993 INFO [Common Functions] Squirrel.Automation.Extensions.Functions.ClickOnElement - Clicking on Button. AutomationId:30281, Name:1, ControlType:button, FrameworkId:Win32
15:50:04,031 INFO [Common Functions] Squirrel.Automation.Extensions.Functions.ClickOnElement - Clicking on Button. AutomationId:1, Name:OK, ControlType:button, FrameworkId:Win32
15:50:04,070 INFO [Common Functions] Squirrel.Automation.Extensions.Functions.ClickOnElement - Clicking on Button. AutomationId:1, Name:OK, ControlType:button, FrameworkId:Win32
15:50:42,027 INFO [Common Functions] Squirrel.Automation.Extensions.Functions.ClickOnElement - Clicking on Button. AutomationId:Item 32545, Name:Save, ControlType:button, FrameworkId:Win32
15:50:50,249 INFO [Common Functions] Squirrel.Automation.Extensions.Functions.ClickOnElement - Clicking on Button. AutomationId:Item 32305, Name:Explorer Window, ControlType:button, FrameworkId:Win32
15:50:52,349 INFO [Common Functions] Squirrel.Automation.Extensions.Functions.ClickOnElement - Clicking on Button. AutomationId:1, Name:Yes, ControlType:button, FrameworkId:Win32
16:23:27,646 INFO [Test file logger] Squirrel.Automation.Tests.SampleTest.TestSetup - Setup method
16:23:29,056 DEBUG [Common Functions] Squirrel.Automation.Extensions.Functions.WaitTillUIItemEnabled - Waiting 3 seconds until element is enabled.
16:23:29,265 INFO [Common Functions] Squirrel.Automation.Extensions.Functions.ClickOnElement - Clicking on Hyperlink. AutomationId:, Name:Daily Setup, ControlType:hyperlink, FrameworkId:
16:23:31,827 INFO [Common Functions] Squirrel.Automation.Extensions.Functions.ClickOnElement - Clicking on Button. AutomationId:Item 32542, Name:New Record, ControlType:button, FrameworkId:Win32
16:23:35,780 INFO [Common Functions] Squirrel.Automation.Extensions.Functions.ClickOnElement - Clicking on Button. AutomationId:32343, Name:, ControlType:button, FrameworkId:Win32
16:23:36,095 INFO [Common Functions] Squirrel.Automation.Extensions.Functions.ClickOnElement - Clicking on Button. AutomationId:30281, Name:1, ControlType:button, FrameworkId:Win32
16:23:36,142 INFO [Common Functions] Squirrel.Automation.Extensions.Functions.ClickOnElement - Clicking on Button. AutomationId:1, Name:OK, ControlType:button, FrameworkId:Win32
16:23:39,389 INFO [Common Functions] Squirrel.Automation.Extensions.Functions.ClickOnElement - Clicking on Button. AutomationId:1, Name:Yes, ControlType:button, FrameworkId:Win32
16:23:42,202 INFO [Common Functions] Squirrel.Automation.Extensions.Functions.ClickOnElement - Clicking on Button. AutomationId:32343, Name:, ControlType:button, FrameworkId:Win32
16:23:42,396 INFO [Common Functions] Squirrel.Automation.Extensions.Functions.ClickOnElement - Clicking on Button. AutomationId:30281, Name:1, ControlType:button, FrameworkId:Win32
16:23:42,436 INFO [Common Functions] Squirrel.Automation.Extensions.Functions.ClickOnElement - Clicking on Button. AutomationId:1, Name:OK, ControlType:button, FrameworkId:Win32
16:23:42,474 INFO [Common Functions] Squirrel.Automation.Extensions.Functions.ClickOnElement - Clicking on Button. AutomationId:1, Name:OK, ControlType:button, FrameworkId:Win32
16:23:50,433 INFO [Common Functions] Squirrel.Automation.Extensions.Functions.ClickOnElement - Clicking on Button. AutomationId:Item 32545, Name:Save, ControlType:button, FrameworkId:Win32
16:23:56,658 INFO [Common Functions] Squirrel.Automation.Extensions.Functions.ClickOnElement - Clicking on Button. AutomationId:Item 32305, Name:Explorer Window, ControlType:button, FrameworkId:Win32
16:23:58,883 INFO [Common Functions] Squirrel.Automation.Extensions.Functions.ClickOnElement - Clicking on Button. AutomationId:1, Name:Yes, ControlType:button, FrameworkId:Win32
16:24:22,826 INFO [Test file logger] Squirrel.Automation.Tests.SampleTest.TestSetup - Setup method
16:24:24,197 DEBUG [Common Functions] Squirrel.Automation.Extensions.Functions.WaitTillUIItemEnabled - Waiting 3 seconds until element is enabled.
16:24:24,419 INFO [Common Functions] Squirrel.Automation.Extensions.Functions.ClickOnElement - Clicking on Hyperlink. AutomationId:, Name:Daily Setup, ControlType:hyperlink, FrameworkId:
16:24:26,315 INFO [Common Functions] Squirrel.Automation.Extensions.Functions.ClickOnElement - Clicking on Button. AutomationId:Item 32542, Name:New Record, ControlType:button, FrameworkId:Win32
16:24:26,972 INFO [Common Functions] Squirrel.Automation.Extensions.Functions.ClickOnElement - Clicking on Button. AutomationId:1069, Name:Add, ControlType:button, FrameworkId:Win32
16:24:28,575 INFO [Common Functions] Squirrel.Automation.Extensions.Functions.ClickOnElement - Clicking on Button. AutomationId:1, Name:OK, ControlType:button, FrameworkId:Win32
16:24:31,278 INFO [Common Functions] Squirrel.Automation.Extensions.Functions.ClickOnElement - Clicking on Button. AutomationId:Item 32545, Name:Save, ControlType:button, FrameworkId:Win32
16:24:36,327 INFO [Common Functions] Squirrel.Automation.Extensions.Functions.ClickOnElement - Clicking on Button. AutomationId:Item 32305, Name:Explorer Window, ControlType:button, FrameworkId:Win32
16:24:38,524 INFO [Common Functions] Squirrel.Automation.Extensions.Functions.ClickOnElement - Clicking on Button. AutomationId:1, Name:Yes, ControlType:button, FrameworkId:Win32
16:25:10,607 INFO [Test file logger] Squirrel.Automation.Tests.SampleTest.TestSetup - Setup method
16:25:46,616 INFO [Test file logger] Squirrel.Automation.Tests.SampleTest.TestSetup - Setup method
16:25:47,422 INFO [Common Functions] Squirrel.Automation.Extensions.Functions.ClickOnElement - Clicking on Menu. AutomationId:Item 30301, Name:Customize, ControlType:menu item, FrameworkId:Win32
16:26:41,247 INFO [Test file logger] Squirrel.Automation.Tests.SampleTest.TestSetup - Setup method
16:26:42,286 INFO [Common Functions] Squirrel.Automation.Extensions.Functions.ClickOnElement - Clicking on Menu. AutomationId:Item 30301, Name:Customize, ControlType:menu item, FrameworkId:Win32
16:29:20,297 INFO [Test file logger] Squirrel.Automation.Tests.SampleTest.TestSetup - Setup method
16:29:21,523 INFO [Common Functions] Squirrel.Automation.Extensions.Functions.ClickOnElement - Clicking on Menu. AutomationId:Item 30301, Name:Customize, ControlType:menu item, FrameworkId:Win32
16:36:56,511 INFO [Test file logger] Squirrel.Automation.Tests.SampleTest.TestSetup - Setup method
16:36:57,576 INFO [Common Functions] Squirrel.Automation.Extensions.Functions.ClickOnElement - Clicking on Menu. AutomationId:Item 30301, Name:Customize, ControlType:menu item, FrameworkId:Win32
16:58:26,976 INFO [Test file logger] Squirrel.Automation.Tests.SampleTest.TestSetup - Setup method
16:58:28,125 INFO [Common Functions] Squirrel.Automation.Extensions.Functions.ClickOnElement - Clicking on Menu. AutomationId:Item 30301, Name:Customize, ControlType:menu item, FrameworkId:Win32
17:04:16,944 INFO [Test file logger] Squirrel.Automation.Tests.SampleTest.TestSetup - Setup method
17:04:18,030 INFO [Common Functions] Squirrel.Automation.Extensions.Functions.ClickOnElement - Clicking on Menu. AutomationId:Item 30301, Name:Customize, ControlType:menu item, FrameworkId:Win32
17:06:58,582 INFO [Test file logger] Squirrel.Automation.Tests.SampleTest.TestSetup - Setup method
17:07:38,536 INFO [Test file logger] Squirrel.Automation.Tests.SampleTest.TestSetup - Setup method
17:09:13,646 INFO [Test file logger] Squirrel.Automation.Tests.SampleTest.TestSetup - Setup method
17:10:56,573 INFO [Test file logger] Squirrel.Automation.Tests.SampleTest.TestSetup - Setup method
17:11:02,647 DEBUG [Common Functions] Squirrel.Automation.Extensions.Functions.WaitTillUIItemVisible - Waiting 3 seconds until element is visible.
17:16:47,917 INFO [Test file logger] Squirrel.Automation.Tests.SampleTest.TestSetup - Setup method
17:16:55,531 INFO [Common Functions] Squirrel.Automation.Extensions.Functions.ClickOnElement - Clicking on Menu. AutomationId:Item 30301, Name:Customize, ControlType:menu item, FrameworkId:Win32
17:17:15,968 DEBUG [Common Functions] Squirrel.Automation.Extensions.Functions.WaitTillUIItemVisible - Waiting 3 seconds until element is visible.
17:18:06,632 INFO [Test file logger] Squirrel.Automation.Tests.SampleTest.TestSetup - Setup method
17:18:14,163 INFO [Common Functions] Squirrel.Automation.Extensions.Functions.ClickOnElement - Clicking on Menu. AutomationId:Item 30301, Name:Customize, ControlType:menu item, FrameworkId:Win32
17:20:24,461 INFO [Test file logger] Squirrel.Automation.Tests.SampleTest.TestSetup - Setup method
17:20:31,444 INFO [Common Functions] Squirrel.Automation.Extensions.Functions.ClickOnElement - Clicking on Menu. AutomationId:Item 30301, Name:Customize, ControlType:menu item, FrameworkId:Win32
18:23:42,234 INFO [Test file logger] Squirrel.Automation.Tests.SampleTest.TestSetup - Setup method
18:23:43,714 DEBUG [Common Functions] Squirrel.Automation.Extensions.Functions.WaitTillUIItemEnabled - Waiting 3 seconds until element is enabled.
18:23:43,967 INFO [Common Functions] Squirrel.Automation.Extensions.Functions.ClickOnElement - Clicking on Hyperlink. AutomationId:, Name:Daily Setup, ControlType:hyperlink, FrameworkId:
18:23:46,269 INFO [Common Functions] Squirrel.Automation.Extensions.Functions.ClickOnElement - Clicking on Button. AutomationId:Item 32542, Name:New Record, ControlType:button, FrameworkId:Win32
18:23:46,906 INFO [Common Functions] Squirrel.Automation.Extensions.Functions.ClickOnElement - Clicking on Button. AutomationId:1069, Name:Add, ControlType:button, FrameworkId:Win32
18:23:48,885 INFO [Common Functions] Squirrel.Automation.Extensions.Functions.ClickOnElement - Clicking on Button. AutomationId:1, Name:OK, ControlType:button, FrameworkId:Win32
18:23:52,222 INFO [Common Functions] Squirrel.Automation.Extensions.Functions.ClickOnElement - Clicking on Button. AutomationId:Item 32545, Name:Save, ControlType:button, FrameworkId:Win32
18:23:58,040 INFO [Common Functions] Squirrel.Automation.Extensions.Functions.ClickOnElement - Clicking on Button. AutomationId:Item 32305, Name:Explorer Window, ControlType:button, FrameworkId:Win32
18:24:00,258 INFO [Common Functions] Squirrel.Automation.Extensions.Functions.ClickOnElement - Clicking on Button. AutomationId:1, Name:Yes, ControlType:button, FrameworkId:Win32
18:24:06,941 INFO [Test file logger] Squirrel.Automation.Tests.SampleTest.TestSetup - Setup method
18:24:08,217 DEBUG [Common Functions] Squirrel.Automation.Extensions.Functions.WaitTillUIItemEnabled - Waiting 3 seconds until element is enabled.
18:24:08,470 INFO [Common Functions] Squirrel.Automation.Extensions.Functions.ClickOnElement - Clicking on Hyperlink. AutomationId:, Name:Daily Setup, ControlType:hyperlink, FrameworkId:
18:24:11,273 INFO [Common Functions] Squirrel.Automation.Extensions.Functions.ClickOnElement - Clicking on Button. AutomationId:Item 32542, Name:New Record, ControlType:button, FrameworkId:Win32
18:24:15,349 INFO [Common Functions] Squirrel.Automation.Extensions.Functions.ClickOnElement - Clicking on Button. AutomationId:32343, Name:, ControlType:button, FrameworkId:Win32
18:24:15,786 INFO [Common Functions] Squirrel.Automation.Extensions.Functions.ClickOnElement - Clicking on Button. AutomationId:30281, Name:1, ControlType:button, FrameworkId:Win32
18:24:15,837 INFO [Common Functions] Squirrel.Automation.Extensions.Functions.ClickOnElement - Clicking on Button. AutomationId:1, Name:OK, ControlType:button, FrameworkId:Win32
18:24:19,358 INFO [Common Functions] Squirrel.Automation.Extensions.Functions.ClickOnElement - Clicking on Button. AutomationId:1, Name:Yes, ControlType:button, FrameworkId:Win32
18:24:22,759 INFO [Common Functions] Squirrel.Automation.Extensions.Functions.ClickOnElement - Clicking on Button. AutomationId:32343, Name:, ControlType:button, FrameworkId:Win32
18:24:22,996 INFO [Common Functions] Squirrel.Automation.Extensions.Functions.ClickOnElement - Clicking on Button. AutomationId:30281, Name:1, ControlType:button, FrameworkId:Win32
18:24:23,156 INFO [Common Functions] Squirrel.Automation.Extensions.Functions.ClickOnElement - Clicking on Button. AutomationId:1, Name:OK, ControlType:button, FrameworkId:Win32
18:24:23,310 INFO [Common Functions] Squirrel.Automation.Extensions.Functions.ClickOnElement - Clicking on Button. AutomationId:1, Name:OK, ControlType:button, FrameworkId:Win32
18:24:32,459 INFO [Common Functions] Squirrel.Automation.Extensions.Functions.ClickOnElement - Clicking on Button. AutomationId:Item 32545, Name:Save, ControlType:button, FrameworkId:Win32
18:24:40,031 INFO [Common Functions] Squirrel.Automation.Extensions.Functions.ClickOnElement - Clicking on Button. AutomationId:Item 32305, Name:Explorer Window, ControlType:button, FrameworkId:Win32
18:24:42,256 INFO [Common Functions] Squirrel.Automation.Extensions.Functions.ClickOnElement - Clicking on Button. AutomationId:1, Name:Yes, ControlType:button, FrameworkId:Win32
18:24:48,929 INFO [Test file logger] Squirrel.Automation.Tests.SampleTest.TestSetup - Setup method
18:24:48,930 DEBUG [Test file logger] Squirrel.Automation.Tests.SampleTest.LoggerTest - lowest severity message
18:24:48,930 INFO [Test file logger] Squirrel.Automation.Tests.SampleTest.LoggerTest - Severity level 2 - higher than debug
18:24:48,930 WARN [Test file logger] Squirrel.Automation.Tests.SampleTest.LoggerTest - Severity level3
18:24:55,369 INFO [Test file logger] Squirrel.Automation.Tests.SampleTest.TestSetup - Setup method
18:24:56,221 INFO [Common Functions] Squirrel.Automation.Extensions.Functions.ClickOnElement - Clicking on Menu. AutomationId:Item 30301, Name:Customize, ControlType:menu item, FrameworkId:Win32
18:25:03,975 INFO [Test file logger] Squirrel.Automation.Tests.SampleTest.TestSetup - Setup method
18:25:04,687 INFO [Common Functions] Squirrel.Automation.Extensions.Functions.ClickOnElement - Clicking on Menu. AutomationId:Item 30301, Name:Customize, ControlType:menu item, FrameworkId:Win32
18:31:18,579 INFO [Test file logger] Squirrel.Automation.Tests.SampleTest.TestSetup - Setup method
18:31:23,444 INFO [Common Functions] Squirrel.Automation.Extensions.Functions.ClickOnElement - Clicking on Menu. AutomationId:Item 30301, Name:Customize, ControlType:menu item, FrameworkId:Win32
18:34:02,745 INFO [Test file logger] Squirrel.Automation.Tests.SampleTest.TestSetup - Setup method
18:34:08,346 INFO [Common Functions] Squirrel.Automation.Extensions.Functions.ClickOnElement - Clicking on Menu. AutomationId:Item 30301, Name:Customize, ControlType:menu item, FrameworkId:Win32
18:35:12,323 INFO [Test file logger] Squirrel.Automation.Tests.SampleTest.TestSetup - Setup method
18:35:13,380 INFO [Common Functions] Squirrel.Automation.Extensions.Functions.ClickOnElement - Clicking on Menu. AutomationId:Item 30301, Name:Customize, ControlType:menu item, FrameworkId:Win32
18:35:54,012 INFO [Test file logger] Squirrel.Automation.Tests.SampleTest.TestSetup - Setup method
18:35:54,803 INFO [Common Functions] Squirrel.Automation.Extensions.Functions.ClickOnElement - Clicking on Menu. AutomationId:Item 30301, Name:Customize, ControlType:menu item, FrameworkId:Win32
18:35:57,118 INFO [Common Functions] Squirrel.Automation.Extensions.Functions.ClickOnElement - Clicking on Button. AutomationId:Close, Name:Close, ControlType:button, FrameworkId:Win32
19:53:07,130 INFO [Test file logger] Squirrel.Automation.Tests.SampleTest.TestSetup - Setup method
19:53:07,567 DEBUG [Common Functions] Squirrel.Automation.Extensions.Functions.WaitTillUIItemEnabled - Waiting 3 seconds until element is enabled.
19:53:07,768 INFO [Common Functions] Squirrel.Automation.Extensions.Functions.ClickOnElement - Clicking on Hyperlink. AutomationId:, Name:Daily Setup, ControlType:hyperlink, FrameworkId:
19:53:14,835 INFO [Common Functions] Squirrel.Automation.Extensions.Functions.ClickOnElement - Clicking on Button. AutomationId:Item 32542, Name:New Record, ControlType:button, FrameworkId:Win32
19:53:15,891 INFO [Common Functions] Squirrel.Automation.Extensions.Functions.ClickOnElement - Clicking on Button. AutomationId:1069, Name:Add, ControlType:button, FrameworkId:Win32
19:56:23,473 INFO [Common Functions] Squirrel.Automation.Extensions.Functions.ClickOnElement - Clicking on Button. AutomationId:1, Name:OK, ControlType:button, FrameworkId:Win32
19:56:29,691 INFO [Common Functions] Squirrel.Automation.Extensions.Functions.ClickOnElement - Clicking on Button. AutomationId:Item 32545, Name:Save, ControlType:button, FrameworkId:Win32
19:56:35,426 INFO [Common Functions] Squirrel.Automation.Extensions.Functions.ClickOnElement - Clicking on Button. AutomationId:Item 32305, Name:Explorer Window, ControlType:button, FrameworkId:Win32
19:56:37,624 INFO [Common Functions] Squirrel.Automation.Extensions.Functions.ClickOnElement - Clicking on Button. AutomationId:1, Name:Yes, ControlType:button, FrameworkId:Win32
19:57:01,278 INFO [Test file logger] Squirrel.Automation.Tests.SampleTest.TestSetup - Setup method
19:57:02,380 DEBUG [Common Functions] Squirrel.Automation.Extensions.Functions.WaitTillUIItemEnabled - Waiting 3 seconds until element is enabled.
19:57:02,598 INFO [Common Functions] Squirrel.Automation.Extensions.Functions.ClickOnElement - Clicking on Hyperlink. AutomationId:, Name:Daily Setup, ControlType:hyperlink, FrameworkId:
19:57:04,583 INFO [Common Functions] Squirrel.Automation.Extensions.Functions.ClickOnElement - Clicking on Button. AutomationId:Item 32542, Name:New Record, ControlType:button, FrameworkId:Win32
19:57:05,101 INFO [Common Functions] Squirrel.Automation.Extensions.Functions.ClickOnElement - Clicking on Button. AutomationId:1069, Name:Add, ControlType:button, FrameworkId:Win32
19:57:06,881 INFO [Common Functions] Squirrel.Automation.Extensions.Functions.ClickOnElement - Clicking on Button. AutomationId:1, Name:OK, ControlType:button, FrameworkId:Win32
19:57:09,325 INFO [Common Functions] Squirrel.Automation.Extensions.Functions.ClickOnElement - Clicking on Button. AutomationId:Item 32545, Name:Save, ControlType:button, FrameworkId:Win32
19:57:14,287 INFO [Common Functions] Squirrel.Automation.Extensions.Functions.ClickOnElement - Clicking on Button. AutomationId:Item 32305, Name:Explorer Window, ControlType:button, FrameworkId:Win32
19:57:53,063 INFO [Test file logger] Squirrel.Automation.Tests.SampleTest.TestSetup - Setup method
19:57:54,421 DEBUG [Common Functions] Squirrel.Automation.Extensions.Functions.WaitTillUIItemEnabled - Waiting 3 seconds until element is enabled.
19:57:54,643 INFO [Common Functions] Squirrel.Automation.Extensions.Functions.ClickOnElement - Clicking on Hyperlink. AutomationId:, Name:Daily Setup, ControlType:hyperlink, FrameworkId:
19:57:56,618 INFO [Common Functions] Squirrel.Automation.Extensions.Functions.ClickOnElement - Clicking on Button. AutomationId:Item 32542, Name:New Record, ControlType:button, FrameworkId:Win32
19:57:57,131 INFO [Common Functions] Squirrel.Automation.Extensions.Functions.ClickOnElement - Clicking on Button. AutomationId:1069, Name:Add, ControlType:button, FrameworkId:Win32
19:57:58,752 INFO [Common Functions] Squirrel.Automation.Extensions.Functions.ClickOnElement - Clicking on Button. AutomationId:1, Name:OK, ControlType:button, FrameworkId:Win32
19:58:01,202 INFO [Common Functions] Squirrel.Automation.Extensions.Functions.ClickOnElement - Clicking on Button. AutomationId:Item 32545, Name:Save, ControlType:button, FrameworkId:Win32
19:58:05,961 INFO [Common Functions] Squirrel.Automation.Extensions.Functions.ClickOnElement - Clicking on Button. AutomationId:Item 32305, Name:Explorer Window, ControlType:button, FrameworkId:Win32
19:58:08,472 INFO [Common Functions] Squirrel.Automation.Extensions.Functions.ClickOnElement - Clicking on Button. AutomationId:1, Name:Yes, ControlType:button, FrameworkId:Win32
19:58:21,909 INFO [Test file logger] Squirrel.Automation.Tests.SampleTest.TestSetup - Setup method
19:58:22,338 DEBUG [Common Functions] Squirrel.Automation.Extensions.Functions.WaitTillUIItemEnabled - Waiting 3 seconds until element is enabled.
19:58:22,530 INFO [Common Functions] Squirrel.Automation.Extensions.Functions.ClickOnElement - Clicking on Hyperlink. AutomationId:, Name:Daily Setup, ControlType:hyperlink, FrameworkId:
19:58:27,763 INFO [Common Functions] Squirrel.Automation.Extensions.Functions.ClickOnElement - Clicking on Button. AutomationId:Item 32542, Name:New Record, ControlType:button, FrameworkId:Win32
19:58:28,317 INFO [Common Functions] Squirrel.Automation.Extensions.Functions.ClickOnElement - Clicking on Button. AutomationId:1069, Name:Add, ControlType:button, FrameworkId:Win32
20:00:38,906 INFO [Test file logger] Squirrel.Automation.Tests.SampleTest.TestSetup - Setup method
20:00:39,341 DEBUG [Common Functions] Squirrel.Automation.Extensions.Functions.WaitTillUIItemEnabled - Waiting 3 seconds until element is enabled.
20:00:39,562 INFO [Common Functions] Squirrel.Automation.Extensions.Functions.ClickOnElement - Clicking on Hyperlink. AutomationId:, Name:Daily Setup, ControlType:hyperlink, FrameworkId:
20:00:48,263 INFO [Common Functions] Squirrel.Automation.Extensions.Functions.ClickOnElement - Clicking on Button. AutomationId:Item 32542, Name:New Record, ControlType:button, FrameworkId:Win32
20:00:48,822 INFO [Common Functions] Squirrel.Automation.Extensions.Functions.ClickOnElement - Clicking on Button. AutomationId:1069, Name:Add, ControlType:button, FrameworkId:Win32
20:00:50,277 INFO [Common Functions] Squirrel.Automation.Extensions.Functions.ClickOnElement - Clicking on Button. AutomationId:1, Name:OK, ControlType:button, FrameworkId:Win32
20:01:21,765 INFO [Common Functions] Squirrel.Automation.Extensions.Functions.ClickOnElement - Clicking on Button. AutomationId:Item 32545, Name:Save, ControlType:button, FrameworkId:Win32
20:01:40,979 INFO [Test file logger] Squirrel.Automation.Tests.SampleTest.TestSetup - Setup method
20:01:41,442 DEBUG [Common Functions] Squirrel.Automation.Extensions.Functions.WaitTillUIItemEnabled - Waiting 3 seconds until element is enabled.
20:01:41,659 INFO [Common Functions] Squirrel.Automation.Extensions.Functions.ClickOnElement - Clicking on Hyperlink. AutomationId:, Name:Daily Setup, ControlType:hyperlink, FrameworkId:
20:01:45,059 INFO [Common Functions] Squirrel.Automation.Extensions.Functions.ClickOnElement - Clicking on Button. AutomationId:Item 32542, Name:New Record, ControlType:button, FrameworkId:Win32
20:01:45,604 INFO [Common Functions] Squirrel.Automation.Extensions.Functions.ClickOnElement - Clicking on Button. AutomationId:1069, Name:Add, ControlType:button, FrameworkId:Win32
20:07:01,953 INFO [Test file logger] Squirrel.Automation.Tests.SampleTest.TestSetup - Setup method
20:07:02,396 DEBUG [Common Functions] Squirrel.Automation.Extensions.Functions.WaitTillUIItemEnabled - Waiting 3 seconds until element is enabled.
20:07:02,636 INFO [Common Functions] Squirrel.Automation.Extensions.Functions.ClickOnElement - Clicking on Hyperlink. AutomationId:, Name:Daily Setup, ControlType:hyperlink, FrameworkId:
20:07:06,491 INFO [Common Functions] Squirrel.Automation.Extensions.Functions.ClickOnElement - Clicking on Button. AutomationId:Item 32542, Name:New Record, ControlType:button, FrameworkId:Win32
20:07:07,030 INFO [Common Functions] Squirrel.Automation.Extensions.Functions.ClickOnElement - Clicking on Button. AutomationId:1069, Name:Add, ControlType:button, FrameworkId:Win32
20:10:43,111 ERROR [Common Functions] Squirrel.Automation.Extensions.Functions.SelectDropDownOption - TestStack.White.AutomationException: The valuessis not present in the drop-down
   at Squirrel.Automation.Extensions.Functions.SelectDropDownOption(ComboBox comboBox, String option)
20:10:50,390 INFO [Common Functions] Squirrel.Automation.Extensions.Functions.ClickOnElement - Clicking on Button. AutomationId:1, Name:OK, ControlType:button, FrameworkId:Win32
20:10:54,795 INFO [Common Functions] Squirrel.Automation.Extensions.Functions.ClickOnElement - Clicking on Button. AutomationId:Item 32545, Name:Save, ControlType:button, FrameworkId:Win32
20:10:59,870 INFO [Common Functions] Squirrel.Automation.Extensions.Functions.ClickOnElement - Clicking on Button. AutomationId:Item 32305, Name:Explorer Window, ControlType:button, FrameworkId:Win32
20:11:02,071 INFO [Common Functions] Squirrel.Automation.Extensions.Functions.ClickOnElement - Clicking on Button. AutomationId:1, Name:Yes, ControlType:button, FrameworkId:Win32
21:10:07,505 INFO [Test file logger] Squirrel.Automation.Tests.SampleTest.TestSetup - Setup method
21:10:08,655 DEBUG [Common Functions] Squirrel.Automation.Extensions.Functions.WaitTillUIItemEnabled - Waiting 3 seconds until element is enabled.
21:10:08,833 INFO [Common Functions] Squirrel.Automation.Extensions.Functions.ClickOnElement - Clicking on Hyperlink. AutomationId:, Name:Daily Setup, ControlType:hyperlink, FrameworkId:
21:10:10,575 INFO [Common Functions] Squirrel.Automation.Extensions.Functions.ClickOnElement - Clicking on Button. AutomationId:Item 32542, Name:New Record, ControlType:button, FrameworkId:Win32
21:10:11,054 INFO [Common Functions] Squirrel.Automation.Extensions.Functions.ClickOnElement - Clicking on Button. AutomationId:1069, Name:Add, ControlType:button, FrameworkId:Win32
21:10:11,439 ERROR [Common Functions] Squirrel.Automation.Extensions.Functions.SelectDropDownOption - TestStack.White.AutomationException: The value ssis not present in the drop-down
   at Squirrel.Automation.Extensions.Functions.SelectDropDownOption(ComboBox comboBox, String option) in C:\Users\sandeepkumar.gupta\Documents\Visual Studio 2015\PractiseProjects\Squirrel.Automation\Squirrel.Automation\Extensions\Functions.cs:line 197
21:10:12,272 INFO [Common Functions] Squirrel.Automation.Extensions.Functions.ClickOnElement - Clicking on Button. AutomationId:1, Name:OK, ControlType:button, FrameworkId:Win32
21:10:14,303 INFO [Common Functions] Squirrel.Automation.Extensions.Functions.ClickOnElement - Clicking on Button. AutomationId:Item 32545, Name:Save, ControlType:button, FrameworkId:Win32
21:10:18,476 INFO [Common Functions] Squirrel.Automation.Extensions.Functions.ClickOnElement - Clicking on Button. AutomationId:Item 32305, Name:Explorer Window, ControlType:button, FrameworkId:Win32
21:10:20,655 INFO [Common Functions] Squirrel.Automation.Extensions.Functions.ClickOnElement - Clicking on Button. AutomationId:1, Name:Yes, ControlType:button, FrameworkId:Win32
21:15:50,871 INFO [Test file logger] Squirrel.Automation.Tests.SampleTest.TestSetup - Setup method
21:15:51,257 DEBUG [Common Functions] Squirrel.Automation.Extensions.Functions.WaitTillUIItemEnabled - Waiting 3 seconds until element is enabled.
21:15:51,422 INFO [Common Functions] Squirrel.Automation.Extensions.Functions.ClickOnElement - Clicking on Hyperlink. AutomationId:, Name:Daily Setup, ControlType:hyperlink, FrameworkId:
21:15:56,523 INFO [Common Functions] Squirrel.Automation.Extensions.Functions.ClickOnElement - Clicking on Button. AutomationId:Item 32542, Name:New Record, ControlType:button, FrameworkId:Win32
21:15:56,991 INFO [Common Functions] Squirrel.Automation.Extensions.Functions.ClickOnElement - Clicking on Button. AutomationId:1069, Name:Add, ControlType:button, FrameworkId:Win32
21:18:03,986 INFO [Test file logger] Squirrel.Automation.Tests.SampleTest.TestSetup - Setup method
21:18:05,129 DEBUG [Common Functions] Squirrel.Automation.Extensions.Functions.WaitTillUIItemEnabled - Waiting 3 seconds until element is enabled.
21:18:05,307 INFO [Common Functions] Squirrel.Automation.Extensions.Functions.ClickOnElement - Clicking on Hyperlink. AutomationId:, Name:Daily Setup, ControlType:hyperlink, FrameworkId:
21:18:06,987 INFO [Common Functions] Squirrel.Automation.Extensions.Functions.ClickOnElement - Clicking on Button. AutomationId:Item 32542, Name:New Record, ControlType:button, FrameworkId:Win32
21:18:07,453 INFO [Common Functions] Squirrel.Automation.Extensions.Functions.ClickOnElement - Clicking on Button. AutomationId:1069, Name:Add, ControlType:button, FrameworkId:Win32
